<?xml version="1.0" encoding="UTF-8"?>
<testng-results ignored="0" total="1" passed="1" failed="0" skipped="0">
  <reporter-output>
  </reporter-output>
  <suite started-at="2023-05-17T17:40:52 IST" name="Suite" finished-at="2023-05-17T17:41:37 IST" duration-ms="45118">
    <groups>
    </groups>
    <test started-at="2023-05-17T17:40:52 IST" name="Test" finished-at="2023-05-17T17:41:37 IST" duration-ms="45118">
      <class name="btes.automationDemo.MyTest">
        <test-method signature="mainmethod()[pri:0, instance:btes.automationDemo.MyTest@5b239d7d]" started-at="2023-05-17T17:40:52 IST" name="mainmethod" finished-at="2023-05-17T17:41:37 IST" duration-ms="45082" status="PASS">
          <reporter-output>
          </reporter-output>
        </test-method> <!-- mainmethod -->
      </class> <!-- btes.automationDemo.MyTest -->
    </test> <!-- Test -->
  </suite> <!-- Suite -->
</testng-results>
